Using pre-set license
Built from '2020.3/staging' branch; Version is '2020.3.18f1 (a7d1c678663c) revision 10998214'; Using compiler version '192528614'; Build Type 'Release'
OS: 'Windows 10 Pro; OS build 19044.2364; Version 2009; 64bit' Language: 'de' Physical Memory: 8088 MB
BatchMode: 1, IsHumanControllingUs: 0, StartBugReporterOnCrash: 0, Is64bit: 1, IsPro: 0

COMMAND LINE ARGUMENTS:
C:\Program Files\Unity\Hub\Editor\2020.3.18f1\Editor\Unity.exe
-adb2
-batchMode
-noUpm
-name
AssetImportWorker0
-projectPath
C:/Users/Anwender/Documents/HelloWorld-azika/HelloWorld-azika/MyGame
-logFile
Logs/AssetImportWorker0.log
-srvPort
64905
Successfully changed project path to: C:/Users/Anwender/Documents/HelloWorld-azika/HelloWorld-azika/MyGame
C:/Users/Anwender/Documents/HelloWorld-azika/HelloWorld-azika/MyGame
Using Asset Import Pipeline V2.
Refreshing native plugins compatible for Editor in 95.90 ms, found 3 plugins.
Preloading 0 native plugins for Editor in 0.00 ms.
Initialize engine version: 2020.3.18f1 (a7d1c678663c)
[Subsystems] Discovering subsystems at path C:/Program Files/Unity/Hub/Editor/2020.3.18f1/Editor/Data/Resources/UnitySubsystems
[Subsystems] Discovering subsystems at path C:/Users/Anwender/Documents/HelloWorld-azika/HelloWorld-azika/MyGame/Assets
GfxDevice: creating device client; threaded=0
Direct3D:
    Version:  Direct3D 11.0 [level 11.1]
    Renderer: Intel(R) UHD Graphics 620 (ID=0x5917)
    Vendor:   
    VRAM:     4044 MB
    Driver:   27.20.100.9749
Initialize mono
Mono path[0] = 'C:/Program Files/Unity/Hub/Editor/2020.3.18f1/Editor/Data/Managed'
Mono path[1] = 'C:/Program Files/Unity/Hub/Editor/2020.3.18f1/Editor/Data/MonoBleedingEdge/lib/mono/unityjit'
Mono config path = 'C:/Program Files/Unity/Hub/Editor/2020.3.18f1/Editor/Data/MonoBleedingEdge/etc'
Using monoOptions --debugger-agent=transport=dt_socket,embedding=1,server=y,suspend=n,address=127.0.0.1:56152
Begin MonoManager ReloadAssembly
Registering precompiled unity dll's ...
Register platform support module: C:/Program Files/Unity/Hub/Editor/2020.3.18f1/Editor/Data/PlaybackEngines/WindowsStandaloneSupport/UnityEditor.WindowsStandalone.Extensions.dll
Registered in 0.005239 seconds.
Native extension for WindowsStandalone target not found
Refreshing native plugins compatible for Editor in 92.78 ms, found 3 plugins.
Preloading 0 native plugins for Editor in 0.00 ms.
Mono: successfully reloaded assembly
- Completed reload, in  8.151 seconds
Domain Reload Profiling:
	ReloadAssembly (8151ms)
		BeginReloadAssembly (97ms)
			ExecutionOrderSort (0ms)
			DisableScriptedObjects (0ms)
			BackupInstance (0ms)
			ReleaseScriptingObjects (0ms)
			CreateAndSetChildDomain (1ms)
		EndReloadAssembly (908ms)
			LoadAssemblies (94ms)
			RebuildTransferFunctionScriptingTraits (0ms)
			SetupTypeCache (327ms)
			ReleaseScriptCaches (0ms)
			RebuildScriptCaches (80ms)
			SetupLoadedEditorAssemblies (347ms)
				LogAssemblyErrors (0ms)
				InitializePlatformSupportModulesInManaged (8ms)
				SetLoadedEditorAssemblies (0ms)
				RefreshPlugins (93ms)
				BeforeProcessingInitializeOnLoad (31ms)
				ProcessInitializeOnLoadAttributes (165ms)
				ProcessInitializeOnLoadMethodAttributes (50ms)
				AfterProcessingInitializeOnLoad (0ms)
				EditorAssembliesLoaded (0ms)
			ExecutionOrderSort2 (0ms)
			AwakeInstancesAfterBackupRestoration (0ms)
Platform modules already initialized, skipping
Registering precompiled user dll's ...
Registered in 0.010714 seconds.
Begin MonoManager ReloadAssembly
Native extension for WindowsStandalone target not found
Refreshing native plugins compatible for Editor in 80.62 ms, found 3 plugins.
Preloading 0 native plugins for Editor in 0.00 ms.
Mono: successfully reloaded assembly
- Completed reload, in  2.682 seconds
Domain Reload Profiling:
	ReloadAssembly (2686ms)
		BeginReloadAssembly (391ms)
			ExecutionOrderSort (0ms)
			DisableScriptedObjects (18ms)
			BackupInstance (0ms)
			ReleaseScriptingObjects (0ms)
			CreateAndSetChildDomain (35ms)
		EndReloadAssembly (2166ms)
			LoadAssemblies (197ms)
			RebuildTransferFunctionScriptingTraits (0ms)
			SetupTypeCache (767ms)
			ReleaseScriptCaches (1ms)
			RebuildScriptCaches (118ms)
			SetupLoadedEditorAssemblies (774ms)
				LogAssemblyErrors (0ms)
				InitializePlatformSupportModulesInManaged (11ms)
				SetLoadedEditorAssemblies (0ms)
				RefreshPlugins (81ms)
				BeforeProcessingInitializeOnLoad (197ms)
				ProcessInitializeOnLoadAttributes (438ms)
				ProcessInitializeOnLoadMethodAttributes (31ms)
				AfterProcessingInitializeOnLoad (15ms)
				EditorAssembliesLoaded (0ms)
			ExecutionOrderSort2 (0ms)
			AwakeInstancesAfterBackupRestoration (16ms)
Platform modules already initialized, skipping
========================================================================
Worker process is ready to serve import requests
Launched and connected shader compiler UnityShaderCompiler.exe after 0.17 seconds
Refreshing native plugins compatible for Editor in 1.52 ms, found 3 plugins.
Preloading 0 native plugins for Editor in 0.00 ms.
Unloading 2110 Unused Serialized files (Serialized files now loaded: 0)
System memory in use before: 95.3 MB.
System memory in use after: 95.4 MB.

Unloading 26 unused Assets to reduce memory usage. Loaded Objects now: 2549.
Total: 14.276100 ms (FindLiveObjects: 0.570300 ms CreateObjectMapping: 0.328400 ms MarkObjects: 13.010600 ms  DeleteObjects: 0.363400 ms)

AssetImportParameters requested are different than current active one (requested -> active):
  custom:framework-win-MediaFoundation: 216162199b28c13a410421893ffa2e32 -> 
  custom:video-decoder-ogg-theora: a1e56fd34408186e4bbccfd4996cb3dc -> 
  custom:container-muxer-webm: aa71ff27fc2769a1b78a27578f13a17b -> 
  custom:container-demuxer-webm: 4f35f7cbe854078d1ac9338744f61a02 -> 
  custom:container-demuxer-ogg: 62fdf1f143b41e24485cea50d1cbac27 -> 
  custom:video-encoder-webm-vp8: eb34c28f22e8b96e1ab97ce403110664 -> 
  custom:video-decoder-webm-vp8: 9c59270c3fd7afecdb556c50c9e8de78 -> 
  custom:audio-decoder-ogg-vorbis: bf7c407c2cedff20999df2af8eb42d56 -> 
  custom:audio-encoder-webm-vorbis: bf7c407c2cedff20999df2af8eb42d56 -> 
========================================================================
Received Import Request.
  path: Assets/HelloSchleifen.cs
  artifactKey: Guid(8ac132a7cd995af4fbe4f95626bb0992) Importer(815301076,1909f56bfc062723c751e8b465ee728b)
Start importing Assets/HelloSchleifen.cs using Guid(8ac132a7cd995af4fbe4f95626bb0992) Importer(815301076,1909f56bfc062723c751e8b465ee728b)  -> (artifact id: 'c4d4fdaeeffd9db549ee5629ebdb4f9f') in 0.181822 seconds 
  Import took 0.204856 seconds .

========================================================================
Received Import Request.
  Time since last request: 522.027665 seconds.
  path: Assets/HelloSchleifen.cs
  artifactKey: Guid(8ac132a7cd995af4fbe4f95626bb0992) Importer(815301076,1909f56bfc062723c751e8b465ee728b)
Start importing Assets/HelloSchleifen.cs using Guid(8ac132a7cd995af4fbe4f95626bb0992) Importer(815301076,1909f56bfc062723c751e8b465ee728b)  -> (artifact id: '3984faac2ae271a6a6887da5521fdf97') in 0.011683 seconds 
  Import took 0.025424 seconds .

========================================================================
Received Import Request.
  Time since last request: 0.052858 seconds.
  path: Assets/HelloSchleifen.cs
  artifactKey: Guid(8ac132a7cd995af4fbe4f95626bb0992) Importer(815301076,1909f56bfc062723c751e8b465ee728b)
Start importing Assets/HelloSchleifen.cs using Guid(8ac132a7cd995af4fbe4f95626bb0992) Importer(815301076,1909f56bfc062723c751e8b465ee728b)  -> (artifact id: '3984faac2ae271a6a6887da5521fdf97') in 0.007566 seconds 
  Import took 0.019835 seconds .

========================================================================
Received Import Request.
  Time since last request: 66.616827 seconds.
  path: Assets/HelloSchleifen.cs
  artifactKey: Guid(8ac132a7cd995af4fbe4f95626bb0992) Importer(815301076,1909f56bfc062723c751e8b465ee728b)
Start importing Assets/HelloSchleifen.cs using Guid(8ac132a7cd995af4fbe4f95626bb0992) Importer(815301076,1909f56bfc062723c751e8b465ee728b)  -> (artifact id: 'a293f853904163332d1784a40b3cba76') in 0.005326 seconds 
  Import took 0.012798 seconds .

========================================================================
Received Import Request.
  Time since last request: 23.228500 seconds.
  path: Assets/HelloSchleifen.cs
  artifactKey: Guid(8ac132a7cd995af4fbe4f95626bb0992) Importer(815301076,1909f56bfc062723c751e8b465ee728b)
Start importing Assets/HelloSchleifen.cs using Guid(8ac132a7cd995af4fbe4f95626bb0992) Importer(815301076,1909f56bfc062723c751e8b465ee728b)  -> (artifact id: 'ced640c643951d21ef2827254b46d7ac') in 0.023074 seconds 
  Import took 0.038716 seconds .

========================================================================
Received Import Request.
  Time since last request: 468.051788 seconds.
  path: Assets/HelloSchleifen.cs
  artifactKey: Guid(8ac132a7cd995af4fbe4f95626bb0992) Importer(815301076,1909f56bfc062723c751e8b465ee728b)
Start importing Assets/HelloSchleifen.cs using Guid(8ac132a7cd995af4fbe4f95626bb0992) Importer(815301076,1909f56bfc062723c751e8b465ee728b)  -> (artifact id: '2065aed24d4668d62edffefef58e56bf') in 0.007654 seconds 
  Import took 0.014978 seconds .

========================================================================
Received Import Request.
  Time since last request: 0.026362 seconds.
  path: Assets/HelloSchleifen.cs
  artifactKey: Guid(8ac132a7cd995af4fbe4f95626bb0992) Importer(815301076,1909f56bfc062723c751e8b465ee728b)
Start importing Assets/HelloSchleifen.cs using Guid(8ac132a7cd995af4fbe4f95626bb0992) Importer(815301076,1909f56bfc062723c751e8b465ee728b)  -> (artifact id: '2065aed24d4668d62edffefef58e56bf') in 0.005792 seconds 
  Import took 0.015728 seconds .

AssetImportWorkerClient::OnTransportError - code=2 error=End of file
